<?xml version="1.0" encoding="UTF-8"?>
<!-- Generated by org.testng.reporters.JUnitXMLReporter -->
<testsuite hostname="DESKTOP-DJQ94NE" name="LoginPageTest" tests="11" failures="1" timestamp="20 Nov 2022 16:44:45 GMT" time="12.278" errors="0">
  <testcase name="@AfterMethod closeTest" time="0.0" classname="com.OrangeHRMTestCases.DashboardPageTest">
    <failure type="java.lang.NullPointerException">
      <![CDATA[java.lang.NullPointerException
	at com.OrangeHRMAppPages.DashBoardPage.<init>(DashBoardPage.java:53)
	at com.OrangeHRMTestCases.DashboardPageTest.closeTest(DashboardPageTest.java:36)
... Removed 26 stack frames]]>
    </failure>
  </testcase> <!-- @AfterMethod closeTest -->
  <testcase name="@BeforeMethod LoginTest" time="0.0" classname="com.OrangeHRMTestCases.DashboardPageTest">
    <skipped/>
  </testcase> <!-- @BeforeMethod LoginTest -->
  <testcase name="@AfterMethod closeTest" time="0.0" classname="com.OrangeHRMTestCases.DashboardPageTest">
    <skipped/>
  </testcase> <!-- @AfterMethod closeTest -->
  <testcase name="@BeforeMethod LoginTest" time="0.0" classname="com.OrangeHRMTestCases.DashboardPageTest">
    <skipped/>
  </testcase> <!-- @BeforeMethod LoginTest -->
  <testcase name="@AfterMethod closeTest" time="0.0" classname="com.OrangeHRMTestCases.DashboardPageTest">
    <skipped/>
  </testcase> <!-- @AfterMethod closeTest -->
  <testcase name="@BeforeMethod LoginTest" time="0.0" classname="com.OrangeHRMTestCases.DashboardPageTest">
    <skipped/>
  </testcase> <!-- @BeforeMethod LoginTest -->
  <testcase name="@AfterMethod closeTest" time="0.0" classname="com.OrangeHRMTestCases.DashboardPageTest">
    <skipped/>
  </testcase> <!-- @AfterMethod closeTest -->
  <testcase name="@BeforeMethod LoginTest" time="0.0" classname="com.OrangeHRMTestCases.DashboardPageTest">
    <skipped/>
  </testcase> <!-- @BeforeMethod LoginTest -->
  <testcase name="@AfterMethod closeTest" time="0.0" classname="com.OrangeHRMTestCases.DashboardPageTest">
    <skipped/>
  </testcase> <!-- @AfterMethod closeTest -->
  <testcase name="@BeforeMethod LoginTest" time="0.0" classname="com.OrangeHRMTestCases.DashboardPageTest">
    <skipped/>
  </testcase> <!-- @BeforeMethod LoginTest -->
  <testcase name="@AfterMethod closeTest" time="0.0" classname="com.OrangeHRMTestCases.DashboardPageTest">
    <skipped/>
  </testcase> <!-- @AfterMethod closeTest -->
  <testcase name="@BeforeMethod LoginTest" time="0.0" classname="com.OrangeHRMTestCases.DashboardPageTest">
    <skipped/>
  </testcase> <!-- @BeforeMethod LoginTest -->
  <testcase name="@AfterMethod closeTest" time="0.0" classname="com.OrangeHRMTestCases.DashboardPageTest">
    <skipped/>
  </testcase> <!-- @AfterMethod closeTest -->
  <testcase name="@BeforeMethod LoginTest" time="0.0" classname="com.OrangeHRMTestCases.DashboardPageTest">
    <skipped/>
  </testcase> <!-- @BeforeMethod LoginTest -->
  <testcase name="@AfterMethod closeTest" time="0.0" classname="com.OrangeHRMTestCases.DashboardPageTest">
    <skipped/>
  </testcase> <!-- @AfterMethod closeTest -->
  <testcase name="@BeforeMethod LoginTest" time="0.0" classname="com.OrangeHRMTestCases.DashboardPageTest">
    <skipped/>
  </testcase> <!-- @BeforeMethod LoginTest -->
  <testcase name="@AfterMethod closeTest" time="0.0" classname="com.OrangeHRMTestCases.DashboardPageTest">
    <skipped/>
  </testcase> <!-- @AfterMethod closeTest -->
  <testcase name="@BeforeMethod LoginTest" time="0.0" classname="com.OrangeHRMTestCases.DashboardPageTest">
    <skipped/>
  </testcase> <!-- @BeforeMethod LoginTest -->
  <testcase name="@AfterMethod closeTest" time="0.0" classname="com.OrangeHRMTestCases.DashboardPageTest">
    <skipped/>
  </testcase> <!-- @AfterMethod closeTest -->
  <testcase name="@BeforeMethod LoginTest" time="0.0" classname="com.OrangeHRMTestCases.DashboardPageTest">
    <skipped/>
  </testcase> <!-- @BeforeMethod LoginTest -->
  <testcase name="@AfterMethod closeTest" time="0.0" classname="com.OrangeHRMTestCases.DashboardPageTest">
    <skipped/>
  </testcase> <!-- @AfterMethod closeTest -->
  <testcase name="@AfterTest tearDown" time="0.0" classname="com.OrangeHRMTestCases.DashboardPageTest">
    <skipped/>
  </testcase> <!-- @AfterTest tearDown -->
  <testcase name="dashboardOhrmLogoTest" time="0.011" classname="com.OrangeHRMTestCases.DashboardPageTest">
    <failure type="java.lang.NullPointerException">
      <![CDATA[java.lang.NullPointerException
	at com.OrangeHRMAppPages.DashBoardPage.<init>(DashBoardPage.java:53)
	at com.OrangeHRMTestCases.DashboardPageTest.dashboardOhrmLogoTest(DashboardPageTest.java:45)
... Removed 24 stack frames]]>
    </failure>
  </testcase> <!-- dashboardOhrmLogoTest -->
  <testcase name="headerMenuTest" time="0.001" classname="com.OrangeHRMTestCases.DashboardPageTest">
    <skipped/>
  </testcase> <!-- headerMenuTest -->
  <testcase name="assignLeaveTest" time="0.0" classname="com.OrangeHRMTestCases.DashboardPageTest">
    <skipped/>
  </testcase> <!-- assignLeaveTest -->
  <testcase name="leaveListTest" time="0.001" classname="com.OrangeHRMTestCases.DashboardPageTest">
    <skipped/>
  </testcase> <!-- leaveListTest -->
  <testcase name="timeSheetsTest" time="0.001" classname="com.OrangeHRMTestCases.DashboardPageTest">
    <skipped/>
  </testcase> <!-- timeSheetsTest -->
  <testcase name="empDisbySubunitTest" time="0.001" classname="com.OrangeHRMTestCases.DashboardPageTest">
    <skipped/>
  </testcase> <!-- empDisbySubunitTest -->
  <testcase name="legendTest" time="0.001" classname="com.OrangeHRMTestCases.DashboardPageTest">
    <skipped/>
  </testcase> <!-- legendTest -->
  <testcase name="pendingLeaveRequest" time="0.001" classname="com.OrangeHRMTestCases.DashboardPageTest">
    <skipped/>
  </testcase> <!-- pendingLeaveRequest -->
  <testcase name="welcomeAdminAbout" time="0.001" classname="com.OrangeHRMTestCases.DashboardPageTest">
    <skipped/>
  </testcase> <!-- welcomeAdminAbout -->
  <testcase name="welcomeAdminChangePassword" time="0.002" classname="com.OrangeHRMTestCases.DashboardPageTest">
    <skipped/>
  </testcase> <!-- welcomeAdminChangePassword -->
  <testcase name="dashBoardPageTitleTest" time="0.001" classname="com.OrangeHRMTestCases.DashboardPageTest">
    <skipped/>
  </testcase> <!-- dashBoardPageTitleTest -->
</testsuite> <!-- LoginPageTest -->
