<?xml version="1.0" encoding="UTF-8"?>
<testng-results skipped="9" failed="0" total="11" passed="2">
  <reporter-output>
  </reporter-output>
  <suite name="Default suite" duration-ms="113745" started-at="2022-11-20T20:11:38Z" finished-at="2022-11-20T20:13:32Z">
    <groups>
    </groups>
    <test name="Default test" duration-ms="113745" started-at="2022-11-20T20:11:38Z" finished-at="2022-11-20T20:13:32Z">
      <class name="com.OrangeHRMTestCases.DashboardPageTest">
        <test-method status="PASS" signature="setUp()[pri:0, instance:com.OrangeHRMTestCases.DashboardPageTest@7d417077]" name="setUp" is-config="true" duration-ms="8791" started-at="2022-11-20T15:11:38Z" finished-at="2022-11-20T15:11:47Z">
          <reporter-output>
          </reporter-output>
        </test-method> <!-- setUp -->
        <test-method status="PASS" signature="LoginTest()[pri:0, instance:com.OrangeHRMTestCases.DashboardPageTest@7d417077]" name="LoginTest" is-config="true" duration-ms="2905" started-at="2022-11-20T15:11:47Z" depends-on-methods="com.OrangeHRMBaseTest.BaseTest.setUp" finished-at="2022-11-20T15:11:50Z">
          <reporter-output>
          </reporter-output>
        </test-method> <!-- LoginTest -->
        <test-method status="PASS" signature="dashboardOhrmLogoTest()[pri:2, instance:com.OrangeHRMTestCases.DashboardPageTest@7d417077]" name="dashboardOhrmLogoTest" duration-ms="176" started-at="2022-11-20T15:11:50Z" finished-at="2022-11-20T15:11:50Z">
          <reporter-output>
          </reporter-output>
        </test-method> <!-- dashboardOhrmLogoTest -->
        <test-method status="PASS" signature="closeTest()[pri:0, instance:com.OrangeHRMTestCases.DashboardPageTest@7d417077]" name="closeTest" is-config="true" duration-ms="1192" started-at="2022-11-20T15:11:50Z" finished-at="2022-11-20T15:11:51Z">
          <reporter-output>
          </reporter-output>
        </test-method> <!-- closeTest -->
        <test-method status="PASS" signature="headerMenuTest()[pri:3, instance:com.OrangeHRMTestCases.DashboardPageTest@7d417077]" name="headerMenuTest" duration-ms="90533" started-at="2022-11-20T15:11:51Z" finished-at="2022-11-20T15:13:22Z">
          <reporter-output>
          </reporter-output>
        </test-method> <!-- headerMenuTest -->
        <test-method status="FAIL" signature="closeTest()[pri:0, instance:com.OrangeHRMTestCases.DashboardPageTest@7d417077]" name="closeTest" is-config="true" duration-ms="0" started-at="2022-11-20T15:13:22Z" finished-at="2022-11-20T15:13:22Z">
          <exception class="org.openqa.selenium.NoSuchElementException">
            <message>
              <![CDATA[no such element: Unable to locate element: {"method":"link text","selector":"Welcome Admin"}
  (Session info: MicrosoftEdge=107.0.1418.52)
For documentation on this error, please visit: https://www.seleniumhq.org/exceptions/no_such_element.html
Build info: version: '3.141.59', revision: 'e82be7d358', time: '2018-11-14T08:17:03'
System info: host: 'DESKTOP-DJQ94NE', ip: '192.168.111.9', os.name: 'Windows 10', os.arch: 'amd64', os.version: '10.0', java.version: '1.8.0_211'
Driver info: org.openqa.selenium.edge.EdgeDriver
Capabilities {acceptInsecureCerts: false, browserName: msedge, browserVersion: 107.0.1418.52, javascriptEnabled: true, ms:edgeOptions: {debuggerAddress: localhost:51829}, msedge: {msedgedriverVersion: 107.0.1418.35 (806ca5c53c4f..., userDataDir: C:\Users\lenovo\AppData\Loc...}, networkConnectionEnabled: false, pageLoadStrategy: normal, platform: WINDOWS, platformName: WINDOWS, proxy: Proxy(), setWindowRect: true, strictFileInteractability: false, timeouts: {implicit: 0, pageLoad: 300000, script: 30000}, unhandledPromptBehavior: dismiss and notify, webauthn:extension:credBlob: true, webauthn:extension:largeBlob: true, webauthn:virtualAuthenticators: true}
Session ID: d29dc56faff016bf6ec909c277abf4d2
*** Element info: {Using=link text, value=Welcome Admin}]]>
            </message>
            <full-stacktrace>
              <![CDATA[org.openqa.selenium.NoSuchElementException: no such element: Unable to locate element: {"method":"link text","selector":"Welcome Admin"}
  (Session info: MicrosoftEdge=107.0.1418.52)
For documentation on this error, please visit: https://www.seleniumhq.org/exceptions/no_such_element.html
Build info: version: '3.141.59', revision: 'e82be7d358', time: '2018-11-14T08:17:03'
System info: host: 'DESKTOP-DJQ94NE', ip: '192.168.111.9', os.name: 'Windows 10', os.arch: 'amd64', os.version: '10.0', java.version: '1.8.0_211'
Driver info: org.openqa.selenium.edge.EdgeDriver
Capabilities {acceptInsecureCerts: false, browserName: msedge, browserVersion: 107.0.1418.52, javascriptEnabled: true, ms:edgeOptions: {debuggerAddress: localhost:51829}, msedge: {msedgedriverVersion: 107.0.1418.35 (806ca5c53c4f..., userDataDir: C:\Users\lenovo\AppData\Loc...}, networkConnectionEnabled: false, pageLoadStrategy: normal, platform: WINDOWS, platformName: WINDOWS, proxy: Proxy(), setWindowRect: true, strictFileInteractability: false, timeouts: {implicit: 0, pageLoad: 300000, script: 30000}, unhandledPromptBehavior: dismiss and notify, webauthn:extension:credBlob: true, webauthn:extension:largeBlob: true, webauthn:virtualAuthenticators: true}
Session ID: d29dc56faff016bf6ec909c277abf4d2
*** Element info: {Using=link text, value=Welcome Admin}
	at sun.reflect.NativeConstructorAccessorImpl.newInstance0(Native Method)
	at sun.reflect.NativeConstructorAccessorImpl.newInstance(Unknown Source)
	at sun.reflect.DelegatingConstructorAccessorImpl.newInstance(Unknown Source)
	at java.lang.reflect.Constructor.newInstance(Unknown Source)
	at org.openqa.selenium.remote.http.W3CHttpResponseCodec.createException(W3CHttpResponseCodec.java:187)
	at org.openqa.selenium.remote.http.W3CHttpResponseCodec.decode(W3CHttpResponseCodec.java:122)
	at org.openqa.selenium.remote.http.W3CHttpResponseCodec.decode(W3CHttpResponseCodec.java:49)
	at org.openqa.selenium.remote.HttpCommandExecutor.execute(HttpCommandExecutor.java:158)
	at org.openqa.selenium.remote.service.DriverCommandExecutor.execute(DriverCommandExecutor.java:83)
	at org.openqa.selenium.remote.RemoteWebDriver.execute(RemoteWebDriver.java:552)
	at org.openqa.selenium.remote.RemoteWebDriver.findElement(RemoteWebDriver.java:323)
	at org.openqa.selenium.remote.RemoteWebDriver.findElementByLinkText(RemoteWebDriver.java:380)
	at org.openqa.selenium.By$ByLinkText.findElement(By.java:220)
	at org.openqa.selenium.remote.RemoteWebDriver.findElement(RemoteWebDriver.java:315)
	at org.openqa.selenium.support.pagefactory.DefaultElementLocator.findElement(DefaultElementLocator.java:69)
	at org.openqa.selenium.support.pagefactory.internal.LocatingElementHandler.invoke(LocatingElementHandler.java:38)
	at com.sun.proxy.$Proxy9.click(Unknown Source)
	at com.OrangeHRMAppPages.DashBoardPage.welcomeAdmin(DashBoardPage.java:182)
	at com.OrangeHRMTestCases.DashboardPageTest.closeTest(DashboardPageTest.java:36)
	at sun.reflect.NativeMethodAccessorImpl.invoke0(Native Method)
	at sun.reflect.NativeMethodAccessorImpl.invoke(Unknown Source)
	at sun.reflect.DelegatingMethodAccessorImpl.invoke(Unknown Source)
	at java.lang.reflect.Method.invoke(Unknown Source)
	at org.testng.internal.MethodInvocationHelper.invokeMethod(MethodInvocationHelper.java:86)
	at org.testng.internal.Invoker.invokeConfigurationMethod(Invoker.java:514)
	at org.testng.internal.Invoker.invokeConfigurations(Invoker.java:215)
	at org.testng.internal.Invoker.invokeMethod(Invoker.java:709)
	at org.testng.internal.Invoker.invokeTestMethod(Invoker.java:822)
	at org.testng.internal.Invoker.invokeTestMethods(Invoker.java:1130)
	at org.testng.internal.TestMethodWorker.invokeTestMethods(TestMethodWorker.java:129)
	at org.testng.internal.TestMethodWorker.run(TestMethodWorker.java:112)
	at org.testng.TestRunner.privateRun(TestRunner.java:782)
	at org.testng.TestRunner.run(TestRunner.java:632)
	at org.testng.SuiteRunner.runTest(SuiteRunner.java:366)
	at org.testng.SuiteRunner.runSequentially(SuiteRunner.java:361)
	at org.testng.SuiteRunner.privateRun(SuiteRunner.java:319)
	at org.testng.SuiteRunner.run(SuiteRunner.java:268)
	at org.testng.SuiteRunnerWorker.runSuite(SuiteRunnerWorker.java:52)
	at org.testng.SuiteRunnerWorker.run(SuiteRunnerWorker.java:86)
	at org.testng.TestNG.runSuitesSequentially(TestNG.java:1244)
	at org.testng.TestNG.runSuitesLocally(TestNG.java:1169)
	at org.testng.TestNG.run(TestNG.java:1064)
	at org.testng.remote.RemoteTestNG.run(RemoteTestNG.java:113)
	at org.testng.remote.RemoteTestNG.initAndRun(RemoteTestNG.java:206)
	at org.testng.remote.RemoteTestNG.main(RemoteTestNG.java:177)
]]>
            </full-stacktrace>
          </exception> <!-- org.openqa.selenium.NoSuchElementException -->
          <reporter-output>
          </reporter-output>
        </test-method> <!-- closeTest -->
        <test-method status="SKIP" signature="assignLeaveTest()[pri:4, instance:com.OrangeHRMTestCases.DashboardPageTest@7d417077]" name="assignLeaveTest" duration-ms="1" started-at="2022-11-20T15:13:32Z" finished-at="2022-11-20T15:13:32Z">
          <reporter-output>
          </reporter-output>
        </test-method> <!-- assignLeaveTest -->
        <test-method status="SKIP" signature="closeTest()[pri:0, instance:com.OrangeHRMTestCases.DashboardPageTest@7d417077]" name="closeTest" is-config="true" duration-ms="0" started-at="2022-11-20T15:13:32Z" finished-at="2022-11-20T15:13:32Z">
          <reporter-output>
          </reporter-output>
        </test-method> <!-- closeTest -->
        <test-method status="SKIP" signature="leaveListTest()[pri:5, instance:com.OrangeHRMTestCases.DashboardPageTest@7d417077]" name="leaveListTest" duration-ms="1" started-at="2022-11-20T15:13:32Z" finished-at="2022-11-20T15:13:32Z">
          <reporter-output>
          </reporter-output>
        </test-method> <!-- leaveListTest -->
        <test-method status="SKIP" signature="closeTest()[pri:0, instance:com.OrangeHRMTestCases.DashboardPageTest@7d417077]" name="closeTest" is-config="true" duration-ms="0" started-at="2022-11-20T15:13:32Z" finished-at="2022-11-20T15:13:32Z">
          <reporter-output>
          </reporter-output>
        </test-method> <!-- closeTest -->
        <test-method status="SKIP" signature="timeSheetsTest()[pri:6, instance:com.OrangeHRMTestCases.DashboardPageTest@7d417077]" name="timeSheetsTest" duration-ms="0" started-at="2022-11-20T15:13:32Z" finished-at="2022-11-20T15:13:32Z">
          <reporter-output>
          </reporter-output>
        </test-method> <!-- timeSheetsTest -->
        <test-method status="SKIP" signature="closeTest()[pri:0, instance:com.OrangeHRMTestCases.DashboardPageTest@7d417077]" name="closeTest" is-config="true" duration-ms="0" started-at="2022-11-20T15:13:32Z" finished-at="2022-11-20T15:13:32Z">
          <reporter-output>
          </reporter-output>
        </test-method> <!-- closeTest -->
        <test-method status="SKIP" signature="empDisbySubunitTest()[pri:7, instance:com.OrangeHRMTestCases.DashboardPageTest@7d417077]" name="empDisbySubunitTest" duration-ms="2" started-at="2022-11-20T15:13:32Z" finished-at="2022-11-20T15:13:32Z">
          <reporter-output>
          </reporter-output>
        </test-method> <!-- empDisbySubunitTest -->
        <test-method status="SKIP" signature="closeTest()[pri:0, instance:com.OrangeHRMTestCases.DashboardPageTest@7d417077]" name="closeTest" is-config="true" duration-ms="0" started-at="2022-11-20T15:13:32Z" finished-at="2022-11-20T15:13:32Z">
          <reporter-output>
          </reporter-output>
        </test-method> <!-- closeTest -->
        <test-method status="SKIP" signature="legendTest()[pri:8, instance:com.OrangeHRMTestCases.DashboardPageTest@7d417077]" name="legendTest" duration-ms="2" started-at="2022-11-20T15:13:32Z" finished-at="2022-11-20T15:13:32Z">
          <reporter-output>
          </reporter-output>
        </test-method> <!-- legendTest -->
        <test-method status="SKIP" signature="closeTest()[pri:0, instance:com.OrangeHRMTestCases.DashboardPageTest@7d417077]" name="closeTest" is-config="true" duration-ms="0" started-at="2022-11-20T15:13:32Z" finished-at="2022-11-20T15:13:32Z">
          <reporter-output>
          </reporter-output>
        </test-method> <!-- closeTest -->
        <test-method status="SKIP" signature="pendingLeaveRequest()[pri:9, instance:com.OrangeHRMTestCases.DashboardPageTest@7d417077]" name="pendingLeaveRequest" duration-ms="1" started-at="2022-11-20T15:13:32Z" finished-at="2022-11-20T15:13:32Z">
          <reporter-output>
          </reporter-output>
        </test-method> <!-- pendingLeaveRequest -->
        <test-method status="SKIP" signature="closeTest()[pri:0, instance:com.OrangeHRMTestCases.DashboardPageTest@7d417077]" name="closeTest" is-config="true" duration-ms="0" started-at="2022-11-20T15:13:32Z" finished-at="2022-11-20T15:13:32Z">
          <reporter-output>
          </reporter-output>
        </test-method> <!-- closeTest -->
        <test-method status="SKIP" signature="welcomeAdminAbout()[pri:11, instance:com.OrangeHRMTestCases.DashboardPageTest@7d417077]" name="welcomeAdminAbout" duration-ms="1" started-at="2022-11-20T15:13:32Z" finished-at="2022-11-20T15:13:32Z">
          <reporter-output>
          </reporter-output>
        </test-method> <!-- welcomeAdminAbout -->
        <test-method status="SKIP" signature="closeTest()[pri:0, instance:com.OrangeHRMTestCases.DashboardPageTest@7d417077]" name="closeTest" is-config="true" duration-ms="0" started-at="2022-11-20T15:13:32Z" finished-at="2022-11-20T15:13:32Z">
          <reporter-output>
          </reporter-output>
        </test-method> <!-- closeTest -->
        <test-method status="SKIP" signature="dashBoardPageTitleTest()[pri:12, instance:com.OrangeHRMTestCases.DashboardPageTest@7d417077]" name="dashBoardPageTitleTest" duration-ms="1" started-at="2022-11-20T15:13:32Z" finished-at="2022-11-20T15:13:32Z">
          <reporter-output>
          </reporter-output>
        </test-method> <!-- dashBoardPageTitleTest -->
        <test-method status="SKIP" signature="closeTest()[pri:0, instance:com.OrangeHRMTestCases.DashboardPageTest@7d417077]" name="closeTest" is-config="true" duration-ms="0" started-at="2022-11-20T15:13:32Z" finished-at="2022-11-20T15:13:32Z">
          <reporter-output>
          </reporter-output>
        </test-method> <!-- closeTest -->
        <test-method status="SKIP" signature="welcomeAdminChangePassword()[pri:13, instance:com.OrangeHRMTestCases.DashboardPageTest@7d417077]" name="welcomeAdminChangePassword" duration-ms="1" started-at="2022-11-20T15:13:32Z" finished-at="2022-11-20T15:13:32Z">
          <reporter-output>
          </reporter-output>
        </test-method> <!-- welcomeAdminChangePassword -->
        <test-method status="SKIP" signature="closeTest()[pri:0, instance:com.OrangeHRMTestCases.DashboardPageTest@7d417077]" name="closeTest" is-config="true" duration-ms="0" started-at="2022-11-20T15:13:32Z" finished-at="2022-11-20T15:13:32Z">
          <reporter-output>
          </reporter-output>
        </test-method> <!-- closeTest -->
        <test-method status="SKIP" signature="tearDown()[pri:0, instance:com.OrangeHRMTestCases.DashboardPageTest@7d417077]" name="tearDown" is-config="true" duration-ms="0" started-at="2022-11-20T15:13:32Z" finished-at="2022-11-20T15:13:32Z">
          <reporter-output>
          </reporter-output>
        </test-method> <!-- tearDown -->
      </class> <!-- com.OrangeHRMTestCases.DashboardPageTest -->
    </test> <!-- Default test -->
  </suite> <!-- Default suite -->
</testng-results>
